<?xml version="1.0" encoding="UTF-8"?>
<!-- Generated by org.testng.reporters.JUnitReportReporter -->
<testsuite skipped="0" hostname="2112-6F1X9G3" name="piSoftwares.peak.modulewise.WebMapPage" tests="2" failures="0" timestamp="2022-05-24T06:47:21 MESZ" time="10.882" errors="0">
  <testcase name="testWebMapFilterOptions" time="5.409" classname="piSoftwares.peak.modulewise.WebMapPage"/>
  <system-out/>
  <testcase name="testWebMapFilterOptions" time="5.473" classname="piSoftwares.peak.modulewise.WebMapPage"/>
  <system-out/>
</testsuite> <!-- piSoftwares.peak.modulewise.WebMapPage -->
