<?xml version="1.0" encoding="UTF-8"?>
<!-- Generated by org.testng.reporters.JUnitReportReporter -->
<testsuite skipped="0" hostname="2112-6F1X9G3" name="piTestFramework.LoginPage" tests="2" failures="0" timestamp="2022-05-24T06:47:21 MESZ" time="25.184" errors="0">
  <testcase name="provideLoggedInApplicationInstance" time="12.577" classname="piTestFramework.LoginPage"/>
  <system-out/>
  <testcase name="provideLoggedInApplicationInstance" time="12.607" classname="piTestFramework.LoginPage"/>
  <system-out/>
</testsuite> <!-- piTestFramework.LoginPage -->
